<?xml version="1.0" encoding="UTF-8"?>
<!-- Generated by org.testng.reporters.JUnitReportReporter -->
<testsuite hostname="Murali" failures="0" tests="1" name="com.qa.testcases.PaymentPageTest" time="21.206" errors="0" timestamp="07 Jul 2019 12:07:08 GMT" skipped="0">
  <testcase classname="com.qa.testcases.PaymentPageTest" name="createAccountTest" time="21.206"/>
</testsuite> <!-- com.qa.testcases.PaymentPageTest -->
